
0: shift/reduce conflict (shift 15(0), red'n 4(0)) on COMMENT
0: shift/reduce conflict (shift 14(0), red'n 4(0)) on BRACE_OPEN
0: shift/reduce conflict (shift 33(0), red'n 4(0)) on PAREN_OPEN
0: shift/reduce conflict (shift 25(0), red'n 4(0)) on MINUS
0: shift/reduce conflict (shift 24(0), red'n 4(0)) on BANG
0: shift/reduce conflict (shift 34(0), red'n 4(0)) on NULL
0: shift/reduce conflict (shift 35(0), red'n 4(0)) on FALSE
0: shift/reduce conflict (shift 36(0), red'n 4(0)) on TRUE
0: shift/reduce conflict (shift 16(0), red'n 4(0)) on IF
0: shift/reduce conflict (shift 17(0), red'n 4(0)) on WHILE
0: shift/reduce conflict (shift 32(0), red'n 4(0)) on FLOAT
0: shift/reduce conflict (shift 37(0), red'n 4(0)) on INTEGER
0: shift/reduce conflict (shift 38(0), red'n 4(0)) on STRING
0: shift/reduce conflict (shift 12(0), red'n 4(0)) on IDENTIFIER
state 0
	$accept: .program $end 
	statements: .    (4)

	COMMENT  shift 15
	BRACE_OPEN  shift 14
	PAREN_OPEN  shift 33
	MINUS  shift 25
	BANG  shift 24
	NULL  shift 34
	FALSE  shift 35
	TRUE  shift 36
	IF  shift 16
	WHILE  shift 17
	FLOAT  shift 32
	INTEGER  shift 37
	STRING  shift 38
	IDENTIFIER  shift 12
	.  reduce 4 (src line 70)

	expression  goto 7
	binary  goto 13
	logical  goto 18
	equality  goto 19
	comparison  goto 20
	multiplication  goto 21
	addition  goto 22
	unary  goto 23
	primary  goto 26
	float  goto 27
	group  goto 28
	identifier  goto 29
	integer  goto 30
	string  goto 31
	statement  goto 3
	unterminated  goto 5
	block  goto 8
	comment  goto 9
	if  goto 10
	while  goto 11
	terminated  goto 4
	assignment  goto 6
	statements  goto 2
	program  goto 1

state 1
	$accept:  program.$end 

	$end  accept
	.  error


state 2
	program:  statements.    (1)
	statements:  statements.statement 

	COMMENT  shift 15
	BRACE_OPEN  shift 14
	PAREN_OPEN  shift 33
	MINUS  shift 25
	BANG  shift 24
	NULL  shift 34
	FALSE  shift 35
	TRUE  shift 36
	IF  shift 16
	WHILE  shift 17
	FLOAT  shift 32
	INTEGER  shift 37
	STRING  shift 38
	IDENTIFIER  shift 12
	.  reduce 1 (src line 61)

	expression  goto 7
	binary  goto 13
	logical  goto 18
	equality  goto 19
	comparison  goto 20
	multiplication  goto 21
	addition  goto 22
	unary  goto 23
	primary  goto 26
	float  goto 27
	group  goto 28
	identifier  goto 29
	integer  goto 30
	string  goto 31
	statement  goto 39
	unterminated  goto 5
	block  goto 8
	comment  goto 9
	if  goto 10
	while  goto 11
	terminated  goto 4
	assignment  goto 6

state 3
	statements:  statement.    (2)

	.  reduce 2 (src line 67)


state 4
	statement:  terminated.SEMICOLON 

	SEMICOLON  shift 40
	.  error


state 5
	statement:  unterminated.    (6)

	.  reduce 6 (src line 75)


state 6
	terminated:  assignment.    (7)

	.  reduce 7 (src line 78)


state 7
	terminated:  expression.    (8)

	.  reduce 8 (src line 80)


state 8
	unterminated:  block.    (10)

	.  reduce 10 (src line 85)


state 9
	unterminated:  comment.    (11)

	.  reduce 11 (src line 87)


state 10
	unterminated:  if.    (12)

	.  reduce 12 (src line 88)


state 11
	unterminated:  while.    (13)

	.  reduce 13 (src line 89)


state 12
	assignment:  IDENTIFIER.EQUAL expression 
	identifier:  IDENTIFIER.    (53)

	EQUAL  shift 41
	.  reduce 53 (src line 169)


state 13
	expression:  binary.    (19)

	.  reduce 19 (src line 103)


14: shift/reduce conflict (shift 15(0), red'n 4(0)) on COMMENT
14: shift/reduce conflict (shift 14(0), red'n 4(0)) on BRACE_OPEN
14: shift/reduce conflict (shift 33(0), red'n 4(0)) on PAREN_OPEN
14: shift/reduce conflict (shift 25(0), red'n 4(0)) on MINUS
14: shift/reduce conflict (shift 24(0), red'n 4(0)) on BANG
14: shift/reduce conflict (shift 34(0), red'n 4(0)) on NULL
14: shift/reduce conflict (shift 35(0), red'n 4(0)) on FALSE
14: shift/reduce conflict (shift 36(0), red'n 4(0)) on TRUE
14: shift/reduce conflict (shift 16(0), red'n 4(0)) on IF
14: shift/reduce conflict (shift 17(0), red'n 4(0)) on WHILE
14: shift/reduce conflict (shift 32(0), red'n 4(0)) on FLOAT
14: shift/reduce conflict (shift 37(0), red'n 4(0)) on INTEGER
14: shift/reduce conflict (shift 38(0), red'n 4(0)) on STRING
14: shift/reduce conflict (shift 12(0), red'n 4(0)) on IDENTIFIER
state 14
	block:  BRACE_OPEN.statements BRACE_CLOSE 
	statements: .    (4)

	COMMENT  shift 15
	BRACE_OPEN  shift 14
	PAREN_OPEN  shift 33
	MINUS  shift 25
	BANG  shift 24
	NULL  shift 34
	FALSE  shift 35
	TRUE  shift 36
	IF  shift 16
	WHILE  shift 17
	FLOAT  shift 32
	INTEGER  shift 37
	STRING  shift 38
	IDENTIFIER  shift 12
	.  reduce 4 (src line 70)

	expression  goto 7
	binary  goto 13
	logical  goto 18
	equality  goto 19
	comparison  goto 20
	multiplication  goto 21
	addition  goto 22
	unary  goto 23
	primary  goto 26
	float  goto 27
	group  goto 28
	identifier  goto 29
	integer  goto 30
	string  goto 31
	statement  goto 3
	unterminated  goto 5
	block  goto 8
	comment  goto 9
	if  goto 10
	while  goto 11
	terminated  goto 4
	assignment  goto 6
	statements  goto 42

state 15
	comment:  COMMENT.    (15)

	.  reduce 15 (src line 94)


state 16
	if:  IF.expression statement ELSE statement 
	if:  IF.expression statement 

	PAREN_OPEN  shift 33
	MINUS  shift 25
	BANG  shift 24
	NULL  shift 34
	FALSE  shift 35
	TRUE  shift 36
	FLOAT  shift 32
	INTEGER  shift 37
	STRING  shift 38
	IDENTIFIER  shift 44
	.  error

	expression  goto 43
	binary  goto 13
	logical  goto 18
	equality  goto 19
	comparison  goto 20
	multiplication  goto 21
	addition  goto 22
	unary  goto 23
	primary  goto 26
	float  goto 27
	group  goto 28
	identifier  goto 29
	integer  goto 30
	string  goto 31

state 17
	while:  WHILE.expression statement 

	PAREN_OPEN  shift 33
	MINUS  shift 25
	BANG  shift 24
	NULL  shift 34
	FALSE  shift 35
	TRUE  shift 36
	FLOAT  shift 32
	INTEGER  shift 37
	STRING  shift 38
	IDENTIFIER  shift 44
	.  error

	expression  goto 45
	binary  goto 13
	logical  goto 18
	equality  goto 19
	comparison  goto 20
	multiplication  goto 21
	addition  goto 22
	unary  goto 23
	primary  goto 26
	float  goto 27
	group  goto 28
	identifier  goto 29
	integer  goto 30
	string  goto 31

state 18
	binary:  logical.    (20)

	.  reduce 20 (src line 107)


state 19
	logical:  equality.AND logical 
	logical:  equality.OR logical 
	logical:  equality.    (23)

	AND  shift 46
	OR  shift 47
	.  reduce 23 (src line 114)


state 20
	equality:  comparison.EQUAL_EQUAL equality 
	equality:  comparison.BANG_EQUAL equality 
	equality:  comparison.    (26)

	EQUAL_EQUAL  shift 48
	BANG_EQUAL  shift 49
	.  reduce 26 (src line 120)


state 21
	comparison:  multiplication.LESS comparison 
	comparison:  multiplication.GREATER comparison 
	comparison:  multiplication.LESS_EQUAL comparison 
	comparison:  multiplication.GREATER_EQUAL comparison 
	comparison:  multiplication.    (31)

	LESS  shift 50
	LESS_EQUAL  shift 52
	GREATER  shift 51
	GREATER_EQUAL  shift 53
	.  reduce 31 (src line 128)


state 22
	multiplication:  addition.PERCENT multiplication 
	multiplication:  addition.SLASH multiplication 
	multiplication:  addition.STAR multiplication 
	multiplication:  addition.    (35)

	STAR  shift 56
	SLASH  shift 55
	PERCENT  shift 54
	.  reduce 35 (src line 135)


23: shift/reduce conflict (shift 58(0), red'n 38(0)) on MINUS
state 23
	addition:  unary.PLUS addition 
	addition:  unary.MINUS addition 
	addition:  unary.    (38)

	PLUS  shift 57
	MINUS  shift 58
	.  reduce 38 (src line 141)


state 24
	unary:  BANG.primary 

	PAREN_OPEN  shift 33
	NULL  shift 34
	FALSE  shift 35
	TRUE  shift 36
	FLOAT  shift 32
	INTEGER  shift 37
	STRING  shift 38
	IDENTIFIER  shift 44
	.  error

	primary  goto 59
	float  goto 27
	group  goto 28
	identifier  goto 29
	integer  goto 30
	string  goto 31

state 25
	unary:  MINUS.primary 

	PAREN_OPEN  shift 33
	NULL  shift 34
	FALSE  shift 35
	TRUE  shift 36
	FLOAT  shift 32
	INTEGER  shift 37
	STRING  shift 38
	IDENTIFIER  shift 44
	.  error

	primary  goto 60
	float  goto 27
	group  goto 28
	identifier  goto 29
	integer  goto 30
	string  goto 31

26: shift/reduce conflict (shift 61(0), red'n 41(0)) on PAREN_OPEN
state 26
	unary:  primary.    (41)
	primary:  primary.PAREN_OPEN arguments PAREN_CLOSE 

	PAREN_OPEN  shift 61
	.  reduce 41 (src line 147)


state 27
	primary:  float.    (43)

	.  reduce 43 (src line 152)


state 28
	primary:  group.    (44)

	.  reduce 44 (src line 153)


state 29
	primary:  identifier.    (45)

	.  reduce 45 (src line 154)


state 30
	primary:  integer.    (46)

	.  reduce 46 (src line 155)


state 31
	primary:  string.    (47)

	.  reduce 47 (src line 156)


state 32
	float:  FLOAT.    (51)

	.  reduce 51 (src line 165)


state 33
	group:  PAREN_OPEN.expression PAREN_CLOSE 

	PAREN_OPEN  shift 33
	MINUS  shift 25
	BANG  shift 24
	NULL  shift 34
	FALSE  shift 35
	TRUE  shift 36
	FLOAT  shift 32
	INTEGER  shift 37
	STRING  shift 38
	IDENTIFIER  shift 44
	.  error

	expression  goto 62
	binary  goto 13
	logical  goto 18
	equality  goto 19
	comparison  goto 20
	multiplication  goto 21
	addition  goto 22
	unary  goto 23
	primary  goto 26
	float  goto 27
	group  goto 28
	identifier  goto 29
	integer  goto 30
	string  goto 31

state 34
	identifier:  NULL.    (54)

	.  reduce 54 (src line 171)


state 35
	identifier:  FALSE.    (55)

	.  reduce 55 (src line 172)


state 36
	identifier:  TRUE.    (56)

	.  reduce 56 (src line 173)


state 37
	integer:  INTEGER.    (57)

	.  reduce 57 (src line 176)


state 38
	string:  STRING.    (58)

	.  reduce 58 (src line 178)


state 39
	statements:  statements statement.    (3)

	.  reduce 3 (src line 69)


state 40
	statement:  terminated SEMICOLON.    (5)

	.  reduce 5 (src line 73)


state 41
	assignment:  IDENTIFIER EQUAL.expression 

	PAREN_OPEN  shift 33
	MINUS  shift 25
	BANG  shift 24
	NULL  shift 34
	FALSE  shift 35
	TRUE  shift 36
	FLOAT  shift 32
	INTEGER  shift 37
	STRING  shift 38
	IDENTIFIER  shift 44
	.  error

	expression  goto 63
	binary  goto 13
	logical  goto 18
	equality  goto 19
	comparison  goto 20
	multiplication  goto 21
	addition  goto 22
	unary  goto 23
	primary  goto 26
	float  goto 27
	group  goto 28
	identifier  goto 29
	integer  goto 30
	string  goto 31

state 42
	statements:  statements.statement 
	block:  BRACE_OPEN statements.BRACE_CLOSE 

	COMMENT  shift 15
	BRACE_OPEN  shift 14
	BRACE_CLOSE  shift 64
	PAREN_OPEN  shift 33
	MINUS  shift 25
	BANG  shift 24
	NULL  shift 34
	FALSE  shift 35
	TRUE  shift 36
	IF  shift 16
	WHILE  shift 17
	FLOAT  shift 32
	INTEGER  shift 37
	STRING  shift 38
	IDENTIFIER  shift 12
	.  error

	expression  goto 7
	binary  goto 13
	logical  goto 18
	equality  goto 19
	comparison  goto 20
	multiplication  goto 21
	addition  goto 22
	unary  goto 23
	primary  goto 26
	float  goto 27
	group  goto 28
	identifier  goto 29
	integer  goto 30
	string  goto 31
	statement  goto 39
	unterminated  goto 5
	block  goto 8
	comment  goto 9
	if  goto 10
	while  goto 11
	terminated  goto 4
	assignment  goto 6

state 43
	if:  IF expression.statement ELSE statement 
	if:  IF expression.statement 

	COMMENT  shift 15
	BRACE_OPEN  shift 14
	PAREN_OPEN  shift 33
	MINUS  shift 25
	BANG  shift 24
	NULL  shift 34
	FALSE  shift 35
	TRUE  shift 36
	IF  shift 16
	WHILE  shift 17
	FLOAT  shift 32
	INTEGER  shift 37
	STRING  shift 38
	IDENTIFIER  shift 12
	.  error

	expression  goto 7
	binary  goto 13
	logical  goto 18
	equality  goto 19
	comparison  goto 20
	multiplication  goto 21
	addition  goto 22
	unary  goto 23
	primary  goto 26
	float  goto 27
	group  goto 28
	identifier  goto 29
	integer  goto 30
	string  goto 31
	statement  goto 65
	unterminated  goto 5
	block  goto 8
	comment  goto 9
	if  goto 10
	while  goto 11
	terminated  goto 4
	assignment  goto 6

state 44
	identifier:  IDENTIFIER.    (53)

	.  reduce 53 (src line 169)


state 45
	while:  WHILE expression.statement 

	COMMENT  shift 15
	BRACE_OPEN  shift 14
	PAREN_OPEN  shift 33
	MINUS  shift 25
	BANG  shift 24
	NULL  shift 34
	FALSE  shift 35
	TRUE  shift 36
	IF  shift 16
	WHILE  shift 17
	FLOAT  shift 32
	INTEGER  shift 37
	STRING  shift 38
	IDENTIFIER  shift 12
	.  error

	expression  goto 7
	binary  goto 13
	logical  goto 18
	equality  goto 19
	comparison  goto 20
	multiplication  goto 21
	addition  goto 22
	unary  goto 23
	primary  goto 26
	float  goto 27
	group  goto 28
	identifier  goto 29
	integer  goto 30
	string  goto 31
	statement  goto 66
	unterminated  goto 5
	block  goto 8
	comment  goto 9
	if  goto 10
	while  goto 11
	terminated  goto 4
	assignment  goto 6

state 46
	logical:  equality AND.logical 

	PAREN_OPEN  shift 33
	MINUS  shift 25
	BANG  shift 24
	NULL  shift 34
	FALSE  shift 35
	TRUE  shift 36
	FLOAT  shift 32
	INTEGER  shift 37
	STRING  shift 38
	IDENTIFIER  shift 44
	.  error

	logical  goto 67
	equality  goto 19
	comparison  goto 20
	multiplication  goto 21
	addition  goto 22
	unary  goto 23
	primary  goto 26
	float  goto 27
	group  goto 28
	identifier  goto 29
	integer  goto 30
	string  goto 31

state 47
	logical:  equality OR.logical 

	PAREN_OPEN  shift 33
	MINUS  shift 25
	BANG  shift 24
	NULL  shift 34
	FALSE  shift 35
	TRUE  shift 36
	FLOAT  shift 32
	INTEGER  shift 37
	STRING  shift 38
	IDENTIFIER  shift 44
	.  error

	logical  goto 68
	equality  goto 19
	comparison  goto 20
	multiplication  goto 21
	addition  goto 22
	unary  goto 23
	primary  goto 26
	float  goto 27
	group  goto 28
	identifier  goto 29
	integer  goto 30
	string  goto 31

state 48
	equality:  comparison EQUAL_EQUAL.equality 

	PAREN_OPEN  shift 33
	MINUS  shift 25
	BANG  shift 24
	NULL  shift 34
	FALSE  shift 35
	TRUE  shift 36
	FLOAT  shift 32
	INTEGER  shift 37
	STRING  shift 38
	IDENTIFIER  shift 44
	.  error

	equality  goto 69
	comparison  goto 20
	multiplication  goto 21
	addition  goto 22
	unary  goto 23
	primary  goto 26
	float  goto 27
	group  goto 28
	identifier  goto 29
	integer  goto 30
	string  goto 31

state 49
	equality:  comparison BANG_EQUAL.equality 

	PAREN_OPEN  shift 33
	MINUS  shift 25
	BANG  shift 24
	NULL  shift 34
	FALSE  shift 35
	TRUE  shift 36
	FLOAT  shift 32
	INTEGER  shift 37
	STRING  shift 38
	IDENTIFIER  shift 44
	.  error

	equality  goto 70
	comparison  goto 20
	multiplication  goto 21
	addition  goto 22
	unary  goto 23
	primary  goto 26
	float  goto 27
	group  goto 28
	identifier  goto 29
	integer  goto 30
	string  goto 31

state 50
	comparison:  multiplication LESS.comparison 

	PAREN_OPEN  shift 33
	MINUS  shift 25
	BANG  shift 24
	NULL  shift 34
	FALSE  shift 35
	TRUE  shift 36
	FLOAT  shift 32
	INTEGER  shift 37
	STRING  shift 38
	IDENTIFIER  shift 44
	.  error

	comparison  goto 71
	multiplication  goto 21
	addition  goto 22
	unary  goto 23
	primary  goto 26
	float  goto 27
	group  goto 28
	identifier  goto 29
	integer  goto 30
	string  goto 31

state 51
	comparison:  multiplication GREATER.comparison 

	PAREN_OPEN  shift 33
	MINUS  shift 25
	BANG  shift 24
	NULL  shift 34
	FALSE  shift 35
	TRUE  shift 36
	FLOAT  shift 32
	INTEGER  shift 37
	STRING  shift 38
	IDENTIFIER  shift 44
	.  error

	comparison  goto 72
	multiplication  goto 21
	addition  goto 22
	unary  goto 23
	primary  goto 26
	float  goto 27
	group  goto 28
	identifier  goto 29
	integer  goto 30
	string  goto 31

state 52
	comparison:  multiplication LESS_EQUAL.comparison 

	PAREN_OPEN  shift 33
	MINUS  shift 25
	BANG  shift 24
	NULL  shift 34
	FALSE  shift 35
	TRUE  shift 36
	FLOAT  shift 32
	INTEGER  shift 37
	STRING  shift 38
	IDENTIFIER  shift 44
	.  error

	comparison  goto 73
	multiplication  goto 21
	addition  goto 22
	unary  goto 23
	primary  goto 26
	float  goto 27
	group  goto 28
	identifier  goto 29
	integer  goto 30
	string  goto 31

state 53
	comparison:  multiplication GREATER_EQUAL.comparison 

	PAREN_OPEN  shift 33
	MINUS  shift 25
	BANG  shift 24
	NULL  shift 34
	FALSE  shift 35
	TRUE  shift 36
	FLOAT  shift 32
	INTEGER  shift 37
	STRING  shift 38
	IDENTIFIER  shift 44
	.  error

	comparison  goto 74
	multiplication  goto 21
	addition  goto 22
	unary  goto 23
	primary  goto 26
	float  goto 27
	group  goto 28
	identifier  goto 29
	integer  goto 30
	string  goto 31

state 54
	multiplication:  addition PERCENT.multiplication 

	PAREN_OPEN  shift 33
	MINUS  shift 25
	BANG  shift 24
	NULL  shift 34
	FALSE  shift 35
	TRUE  shift 36
	FLOAT  shift 32
	INTEGER  shift 37
	STRING  shift 38
	IDENTIFIER  shift 44
	.  error

	multiplication  goto 75
	addition  goto 22
	unary  goto 23
	primary  goto 26
	float  goto 27
	group  goto 28
	identifier  goto 29
	integer  goto 30
	string  goto 31

state 55
	multiplication:  addition SLASH.multiplication 

	PAREN_OPEN  shift 33
	MINUS  shift 25
	BANG  shift 24
	NULL  shift 34
	FALSE  shift 35
	TRUE  shift 36
	FLOAT  shift 32
	INTEGER  shift 37
	STRING  shift 38
	IDENTIFIER  shift 44
	.  error

	multiplication  goto 76
	addition  goto 22
	unary  goto 23
	primary  goto 26
	float  goto 27
	group  goto 28
	identifier  goto 29
	integer  goto 30
	string  goto 31

state 56
	multiplication:  addition STAR.multiplication 

	PAREN_OPEN  shift 33
	MINUS  shift 25
	BANG  shift 24
	NULL  shift 34
	FALSE  shift 35
	TRUE  shift 36
	FLOAT  shift 32
	INTEGER  shift 37
	STRING  shift 38
	IDENTIFIER  shift 44
	.  error

	multiplication  goto 77
	addition  goto 22
	unary  goto 23
	primary  goto 26
	float  goto 27
	group  goto 28
	identifier  goto 29
	integer  goto 30
	string  goto 31

state 57
	addition:  unary PLUS.addition 

	PAREN_OPEN  shift 33
	MINUS  shift 25
	BANG  shift 24
	NULL  shift 34
	FALSE  shift 35
	TRUE  shift 36
	FLOAT  shift 32
	INTEGER  shift 37
	STRING  shift 38
	IDENTIFIER  shift 44
	.  error

	addition  goto 78
	unary  goto 23
	primary  goto 26
	float  goto 27
	group  goto 28
	identifier  goto 29
	integer  goto 30
	string  goto 31

state 58
	addition:  unary MINUS.addition 

	PAREN_OPEN  shift 33
	MINUS  shift 25
	BANG  shift 24
	NULL  shift 34
	FALSE  shift 35
	TRUE  shift 36
	FLOAT  shift 32
	INTEGER  shift 37
	STRING  shift 38
	IDENTIFIER  shift 44
	.  error

	addition  goto 79
	unary  goto 23
	primary  goto 26
	float  goto 27
	group  goto 28
	identifier  goto 29
	integer  goto 30
	string  goto 31

59: shift/reduce conflict (shift 61(0), red'n 39(0)) on PAREN_OPEN
state 59
	unary:  BANG primary.    (39)
	primary:  primary.PAREN_OPEN arguments PAREN_CLOSE 

	PAREN_OPEN  shift 61
	.  reduce 39 (src line 144)


60: shift/reduce conflict (shift 61(0), red'n 40(0)) on PAREN_OPEN
state 60
	unary:  MINUS primary.    (40)
	primary:  primary.PAREN_OPEN arguments PAREN_CLOSE 

	PAREN_OPEN  shift 61
	.  reduce 40 (src line 146)


state 61
	primary:  primary PAREN_OPEN.arguments PAREN_CLOSE 
	arguments: .    (50)

	PAREN_OPEN  shift 33
	MINUS  shift 25
	BANG  shift 24
	NULL  shift 34
	FALSE  shift 35
	TRUE  shift 36
	FLOAT  shift 32
	INTEGER  shift 37
	STRING  shift 38
	IDENTIFIER  shift 44
	.  reduce 50 (src line 162)

	expression  goto 81
	binary  goto 13
	logical  goto 18
	equality  goto 19
	comparison  goto 20
	multiplication  goto 21
	addition  goto 22
	unary  goto 23
	primary  goto 26
	float  goto 27
	group  goto 28
	identifier  goto 29
	integer  goto 30
	string  goto 31
	arguments  goto 80

state 62
	group:  PAREN_OPEN expression.PAREN_CLOSE 

	PAREN_CLOSE  shift 82
	.  error


state 63
	assignment:  IDENTIFIER EQUAL expression.    (9)

	.  reduce 9 (src line 83)


state 64
	block:  BRACE_OPEN statements BRACE_CLOSE.    (14)

	.  reduce 14 (src line 92)


65: shift/reduce conflict (shift 83(0), red'n 17(0)) on ELSE
state 65
	if:  IF expression statement.ELSE statement 
	if:  IF expression statement.    (17)

	ELSE  shift 83
	.  reduce 17 (src line 98)


state 66
	while:  WHILE expression statement.    (18)

	.  reduce 18 (src line 101)


state 67
	logical:  equality AND logical.    (21)

	.  reduce 21 (src line 111)


state 68
	logical:  equality OR logical.    (22)

	.  reduce 22 (src line 113)


state 69
	equality:  comparison EQUAL_EQUAL equality.    (24)

	.  reduce 24 (src line 117)


state 70
	equality:  comparison BANG_EQUAL equality.    (25)

	.  reduce 25 (src line 119)


state 71
	comparison:  multiplication LESS comparison.    (27)

	.  reduce 27 (src line 123)


state 72
	comparison:  multiplication GREATER comparison.    (28)

	.  reduce 28 (src line 125)


state 73
	comparison:  multiplication LESS_EQUAL comparison.    (29)

	.  reduce 29 (src line 126)


state 74
	comparison:  multiplication GREATER_EQUAL comparison.    (30)

	.  reduce 30 (src line 127)


state 75
	multiplication:  addition PERCENT multiplication.    (32)

	.  reduce 32 (src line 131)


state 76
	multiplication:  addition SLASH multiplication.    (33)

	.  reduce 33 (src line 133)


state 77
	multiplication:  addition STAR multiplication.    (34)

	.  reduce 34 (src line 134)


state 78
	addition:  unary PLUS addition.    (36)

	.  reduce 36 (src line 138)


state 79
	addition:  unary MINUS addition.    (37)

	.  reduce 37 (src line 140)


state 80
	primary:  primary PAREN_OPEN arguments.PAREN_CLOSE 
	arguments:  arguments.COMMA expression 

	COMMA  shift 85
	PAREN_CLOSE  shift 84
	.  error


state 81
	arguments:  expression.    (48)

	.  reduce 48 (src line 159)


state 82
	group:  PAREN_OPEN expression PAREN_CLOSE.    (52)

	.  reduce 52 (src line 167)


state 83
	if:  IF expression statement ELSE.statement 

	COMMENT  shift 15
	BRACE_OPEN  shift 14
	PAREN_OPEN  shift 33
	MINUS  shift 25
	BANG  shift 24
	NULL  shift 34
	FALSE  shift 35
	TRUE  shift 36
	IF  shift 16
	WHILE  shift 17
	FLOAT  shift 32
	INTEGER  shift 37
	STRING  shift 38
	IDENTIFIER  shift 12
	.  error

	expression  goto 7
	binary  goto 13
	logical  goto 18
	equality  goto 19
	comparison  goto 20
	multiplication  goto 21
	addition  goto 22
	unary  goto 23
	primary  goto 26
	float  goto 27
	group  goto 28
	identifier  goto 29
	integer  goto 30
	string  goto 31
	statement  goto 86
	unterminated  goto 5
	block  goto 8
	comment  goto 9
	if  goto 10
	while  goto 11
	terminated  goto 4
	assignment  goto 6

state 84
	primary:  primary PAREN_OPEN arguments PAREN_CLOSE.    (42)

	.  reduce 42 (src line 150)


state 85
	arguments:  arguments COMMA.expression 

	PAREN_OPEN  shift 33
	MINUS  shift 25
	BANG  shift 24
	NULL  shift 34
	FALSE  shift 35
	TRUE  shift 36
	FLOAT  shift 32
	INTEGER  shift 37
	STRING  shift 38
	IDENTIFIER  shift 44
	.  error

	expression  goto 87
	binary  goto 13
	logical  goto 18
	equality  goto 19
	comparison  goto 20
	multiplication  goto 21
	addition  goto 22
	unary  goto 23
	primary  goto 26
	float  goto 27
	group  goto 28
	identifier  goto 29
	integer  goto 30
	string  goto 31

state 86
	if:  IF expression statement ELSE statement.    (16)

	.  reduce 16 (src line 96)


state 87
	arguments:  arguments COMMA expression.    (49)

	.  reduce 49 (src line 161)


39 terminals, 26 nonterminals
59 grammar rules, 88/16000 states
33 shift/reduce, 0 reduce/reduce conflicts reported
75 working sets used
memory: parser 366/240000
77 extra closures
327 shift entries, 1 exceptions
52 goto entries
331 entries saved by goto default
Optimizer space used: output 133/240000
133 table entries, 14 zero
maximum spread: 39, maximum offset: 85
